<?xml version="1.0" encoding="UTF-8"?>
<testsuite name="com.sg.singtel.assignment.ParrotTest" tests="3" skipped="0" failures="0" errors="0" timestamp="2018-07-08T10:22:28" hostname="pookar" time="0.003">
  <properties/>
  <testcase name="test_cat_Parrot_Singling" classname="com.sg.singtel.assignment.ParrotTest" time="0.001"/>
  <testcase name="test_rooster_Parrot_Singling" classname="com.sg.singtel.assignment.ParrotTest" time="0.001"/>
  <testcase name="test_Dog_Parrot_Singling" classname="com.sg.singtel.assignment.ParrotTest" time="0.001"/>
  <system-out><![CDATA[Meow
Cock-a-doodle-doo
Woof, woof
]]></system-out>
  <system-err><![CDATA[]]></system-err>
</testsuite>
