<?xml version="1.0" encoding="UTF-8"?>
<testsuite name="com.sg.singtel.assignment.RoosterTest" tests="2" skipped="0" failures="0" errors="0" timestamp="2018-07-08T10:44:19" hostname="pookar" time="0.002">
  <properties/>
  <testcase name="testChicken_FlyBehaviour" classname="com.sg.singtel.assignment.RoosterTest" time="0.001"/>
  <testcase name="testChickenSingling" classname="com.sg.singtel.assignment.RoosterTest" time="0.0"/>
  <system-out><![CDATA[Can not Fly
Cock-a-doodle-doo
]]></system-out>
  <system-err><![CDATA[]]></system-err>
</testsuite>
