<?xml version="1.0" encoding="UTF-8"?>
<testsuite name="com.sg.singtel.assignment.AnimalCountTest" tests="4" skipped="0" failures="0" errors="0" timestamp="2018-07-08T10:44:19" hostname="pookar" time="0.022">
  <properties/>
  <testcase name="test_count_animalThatCanFly" classname="com.sg.singtel.assignment.AnimalCountTest" time="0.02"/>
  <testcase name="test_count_animalThatCanSing" classname="com.sg.singtel.assignment.AnimalCountTest" time="0.0"/>
  <testcase name="test_count_animalThatCanSwim" classname="com.sg.singtel.assignment.AnimalCountTest" time="0.0"/>
  <testcase name="test_count_animalThatCanWalk" classname="com.sg.singtel.assignment.AnimalCountTest" time="0.001"/>
  <system-out><![CDATA[]]></system-out>
  <system-err><![CDATA[]]></system-err>
</testsuite>
