<?xml version="1.0" encoding="UTF-8"?>
<testsuite name="com.sg.singtel.assignment.SharkTest" tests="2" skipped="0" failures="0" errors="0" timestamp="2018-07-08T10:22:28" hostname="pookar" time="0.002">
  <properties/>
  <testcase name="testShark_eatBehaviour" classname="com.sg.singtel.assignment.SharkTest" time="0.0"/>
  <testcase name="testShark_SwimBehaviour" classname="com.sg.singtel.assignment.SharkTest" time="0.001"/>
  <system-out><![CDATA[Can eat other Fish
Swimming Fish
]]></system-out>
  <system-err><![CDATA[]]></system-err>
</testsuite>
