<?xml version="1.0" encoding="UTF-8"?>
<testsuite name="com.sg.singtel.assignment.BirdTest" tests="1" skipped="0" failures="0" errors="0" timestamp="2018-07-08T10:22:28" hostname="pookar" time="0.001">
  <properties/>
  <testcase name="test_Bird_Singling_behaviour" classname="com.sg.singtel.assignment.BirdTest" time="0.001"/>
  <system-out><![CDATA[I am Singing
]]></system-out>
  <system-err><![CDATA[]]></system-err>
</testsuite>
